<?xml version="1.0" encoding="UTF-8"?>
<!-- Generated by org.testng.reporters.JUnitReportReporter -->
<testsuite hostname="LAPTOP-RMKO1OF3" failures="0" tests="1" name="com.smoke.SmokeTest" time="10.633" errors="0" timestamp="2021-08-04T12:36:15 EDT" skipped="0">
  <testcase classname="com.smoke.SmokeTest" name="logintest" time="10.633"/>
  <system-out/>
</testsuite> <!-- com.smoke.SmokeTest -->
