<?xml version="1.0" encoding="UTF-8"?>
<!-- Generated by org.testng.reporters.JUnitReportReporter -->
<testsuite hostname="LAPTOP-RMKO1OF3" failures="0" tests="1" name="com.practice.ParallelBrowser1" time="3.411" errors="0" timestamp="2021-08-04T12:35:20 EDT" skipped="0">
  <testcase classname="com.practice.ParallelBrowser1" name="gettest" time="3.411"/>
  <system-out/>
</testsuite> <!-- com.practice.ParallelBrowser1 -->
