<?xml version="1.0" encoding="UTF-8"?>
<!-- Generated by org.testng.reporters.JUnitReportReporter -->
<testsuite hostname="LAPTOP-RMKO1OF3" failures="0" tests="1" name="com.practice.ParallelBrowser3" time="2.865" errors="0" timestamp="2021-08-04T12:35:20 EDT" skipped="0">
  <testcase classname="com.practice.ParallelBrowser3" name="gettest" time="2.865"/>
  <system-out/>
</testsuite> <!-- com.practice.ParallelBrowser3 -->
