<?xml version="1.0" encoding="UTF-8"?>
<!-- Generated by org.testng.reporters.JUnitReportReporter -->
<testsuite hostname="LAPTOP-RMKO1OF3" failures="0" tests="2" name="com.practice.CrossBrowserWithTestng" time="6.526" errors="0" timestamp="2021-08-04T11:54:06 EDT" skipped="0">
  <testcase classname="com.practice.CrossBrowserWithTestng" name="gettest" time="2.994"/>
  <system-out/>
  <testcase classname="com.practice.CrossBrowserWithTestng" name="gettest" time="3.532"/>
  <system-out/>
</testsuite> <!-- com.practice.CrossBrowserWithTestng -->
