<?xml version="1.0" encoding="UTF-8"?>
<!-- Generated by org.testng.reporters.JUnitReportReporter -->
<testsuite hostname="LAPTOP-RMKO1OF3" failures="0" tests="2" name="com.runner.MYRunnerFile" time="12.633" errors="0" timestamp="2021-08-04T12:35:50 EDT" skipped="0">
  <testcase classname="com.runner.MYRunnerFile" name="getlogin" time="0.001"/>
  <system-out/>
  <testcase classname="com.runner.MYRunnerFile" name="runScenario" time="12.632"/>
  <system-out/>
</testsuite> <!-- com.runner.MYRunnerFile -->
