<?xml version="1.0" encoding="UTF-8"?>
<!-- Generated by org.testng.reporters.JUnitReportReporter -->
<testsuite skipped="0" hostname="LAPTOP-RMKO1OF3" name="com.runner.MYRunnerFile" tests="2" failures="0" timestamp="2021-08-04T23:07:49 EDT" time="12.633" errors="0">
  <testcase name="runScenario" time="12.633" classname="com.runner.MYRunnerFile"/>
  <system-out/>
  <testcase name="getlogin" time="0.000" classname="com.runner.MYRunnerFile"/>
  <system-out/>
</testsuite> <!-- com.runner.MYRunnerFile -->
