<?xml version="1.0" encoding="UTF-8"?>
<!-- Generated by org.testng.reporters.JUnitReportReporter -->
<testsuite skipped="0" hostname="LAPTOP-RMKO1OF3" name="com.runner.MYRunnerFile" tests="2" failures="0" timestamp="2021-08-04T12:42:25 EDT" time="11.628" errors="0">
  <testcase name="runScenario" time="11.628" classname="com.runner.MYRunnerFile"/>
  <system-out/>
  <testcase name="getlogin" time="0.000" classname="com.runner.MYRunnerFile"/>
  <system-out/>
</testsuite> <!-- com.runner.MYRunnerFile -->
